2023-07-25 11:00:10 error: [POST] /todos >> StatusCode:: 500, Message:: notNull Violation: TodoModel.id cannot be null,
notNull Violation: TodoModel.title cannot be null,
notNull Violation: TodoModel.content cannot be null,
notNull Violation: TodoModel.userId cannot be null
2023-07-25 11:01:22 error: [POST] /users >> StatusCode:: 400, Message:: email must be an email,password must be shorter than or equal to 32 characters,password must be longer than or equal to 9 characters,password should not be empty,password must be a string
2023-07-25 11:04:01 error: [POST] /todos >> StatusCode:: 500, Message:: notNull Violation: TodoModel.id cannot be null,
notNull Violation: TodoModel.title cannot be null,
notNull Violation: TodoModel.content cannot be null,
notNull Violation: TodoModel.userId cannot be null
2023-07-25 11:05:03 error: [POST] /todos >> StatusCode:: 500, Message:: notNull Violation: TodoModel.id cannot be null,
notNull Violation: TodoModel.title cannot be null,
notNull Violation: TodoModel.content cannot be null,
notNull Violation: TodoModel.userId cannot be null
2023-07-25 11:05:13 error: [POST] /todos >> StatusCode:: 500, Message:: notNull Violation: TodoModel.id cannot be null,
notNull Violation: TodoModel.title cannot be null,
notNull Violation: TodoModel.content cannot be null,
notNull Violation: TodoModel.userId cannot be null
2023-07-25 11:05:22 error: [POST] /users >> StatusCode:: 400, Message:: email must be an email,password must be shorter than or equal to 32 characters,password must be longer than or equal to 9 characters,password should not be empty,password must be a string
2023-07-25 11:05:42 error: [POST] /todos >> StatusCode:: 500, Message:: notNull Violation: TodoModel.id cannot be null,
notNull Violation: TodoModel.title cannot be null,
notNull Violation: TodoModel.content cannot be null,
notNull Violation: TodoModel.userId cannot be null
2023-07-25 13:13:13 error: [POST] /todos >> StatusCode:: 500, Message:: notNull Violation: TodoModel.id cannot be null
2023-07-25 13:26:37 error: [PUT] /todos/3 >> StatusCode:: 500, Message:: Validation error
2023-07-25 13:26:45 error: [PUT] /todos/3 >> StatusCode:: 400, Message:: Unexpected token } in JSON at position 54
2023-07-25 13:26:53 error: [PUT] /todos/3 >> StatusCode:: 500, Message:: notNull Violation: TodoModel.id cannot be null,
notNull Violation: TodoModel.userId cannot be null
2023-07-25 13:27:57 error: [PUT] /todos/2231 >> StatusCode:: 500, Message:: notNull Violation: TodoModel.id cannot be null,
notNull Violation: TodoModel.userId cannot be null
2023-07-25 13:29:42 error: [PUT] /todos/3 >> StatusCode:: 500, Message:: notNull Violation: TodoModel.id cannot be null,
notNull Violation: TodoModel.userId cannot be null
2023-07-25 13:30:16 error: [PUT] /todos/3 >> StatusCode:: 500, Message:: notNull Violation: TodoModel.userId cannot be null
2023-07-25 13:33:11 error: [PUT] /todos/3 >> StatusCode:: 400, Message:: Unexpected token } in JSON at position 57
2023-07-25 13:33:20 error: [PUT] /todos/3 >> StatusCode:: 500, Message:: notNull Violation: TodoModel.userId cannot be null
2023-07-25 13:33:41 error: [PUT] /todos/3 >> StatusCode:: 400, Message:: Unexpected string in JSON at position 55
2023-07-25 13:33:47 error: [PUT] /todos/3 >> StatusCode:: 500, Message:: Validation error
2023-07-25 13:34:17 error: [PUT] /todos/3 >> StatusCode:: 500, Message:: notNull Violation: TodoModel.userId cannot be null
2023-07-25 13:34:26 error: [PUT] /todos/3 >> StatusCode:: 500, Message:: Validation error
2023-07-25 13:35:12 error: [PUT] /todos/3 >> StatusCode:: 500, Message:: Validation error
2023-07-25 13:36:17 error: [PUT] /todos/3 >> StatusCode:: 500, Message:: Validation error
2023-07-25 13:36:21 error: [PUT] /todos/3 >> StatusCode:: 500, Message:: Validation error
2023-07-25 13:36:26 error: [PUT] /todos/3 >> StatusCode:: 500, Message:: Validation error
2023-07-25 13:38:26 error: [PUT] /todos/3 >> StatusCode:: 500, Message:: Validation error
2023-07-25 14:57:15 error: [POST] /login >> StatusCode:: 400, Message:: email must be an email,password must be shorter than or equal to 32 characters,password must be longer than or equal to 9 characters,password should not be empty,password must be a string
2023-07-25 15:03:15 error: [POST] /signup >> StatusCode:: 400, Message:: password must be longer than or equal to 9 characters
2023-07-25 15:05:14 error: [POST] /login >> StatusCode:: 500, Message:: secretOrPrivateKey must have a value
2023-07-25 15:08:56 error: [POST] /login >> StatusCode:: 500, Message:: secretOrPrivateKey must have a value
2023-07-25 15:11:24 error: [POST] /login >> StatusCode:: 500, Message:: secretOrPrivateKey must have a value
2023-07-25 15:11:59 error: [POST] /login >> StatusCode:: 500, Message:: secretOrPrivateKey must have a value
2023-07-25 15:12:38 error: [POST] /login >> StatusCode:: 500, Message:: secretOrPrivateKey must have a value
2023-07-25 15:12:49 error: [POST] /login >> StatusCode:: 500, Message:: secretOrPrivateKey must have a value
2023-07-25 15:12:50 error: [POST] /login >> StatusCode:: 500, Message:: secretOrPrivateKey must have a value
2023-07-25 15:15:12 error: [POST] /login >> StatusCode:: 500, Message:: secretOrPrivateKey must have a value
2023-07-25 15:15:13 error: [POST] /login >> StatusCode:: 500, Message:: secretOrPrivateKey must have a value
2023-07-25 15:49:04 error: [POST] /signup >> StatusCode:: 400, Message:: password must be longer than or equal to 9 characters
2023-07-25 15:49:23 error: [POST] /users >> StatusCode:: 409, Message:: This email alstj0414@gmail.com already exists
2023-07-25 16:51:11 error: [GET] /todos >> StatusCode:: 404, Message:: Authentication token missing
2023-07-25 16:51:22 error: [GET] /todos >> StatusCode:: 404, Message:: Authentication token missing
