2023-07-21 15:07:04 error: uncaughtException: listen EADDRINUSE: address already in use :::3000
Error: listen EADDRINUSE: address already in use :::3000
    at Server.setupListenHandle [as _listen2] (node:net:1740:16)
    at listenInCluster (node:net:1788:12)
    at Server.listen (node:net:1876:7)
    at Function.listen (/Users/able/Documents/GitHub/Sequelize template/node_modules/express/lib/application.js:635:24)
    at App.listen (/Users/able/Documents/GitHub/Sequelize template/src/app.ts:35:14)
    at Object.<anonymous> (/Users/able/Documents/GitHub/Sequelize template/src/server.ts:10:5)
    at Module._compile (node:internal/modules/cjs/loader:1256:14)
    at Module.m._compile (/Users/able/Documents/GitHub/Sequelize template/node_modules/ts-node/src/index.ts:1618:23)
    at Module._extensions..js (node:internal/modules/cjs/loader:1310:10)
    at Object.require.extensions.<computed> [as .ts] (/Users/able/Documents/GitHub/Sequelize template/node_modules/ts-node/src/index.ts:1621:12)
2023-07-21 15:07:04 error: uncaughtException: Access denied for user 'root'@'localhost'
SequelizeConnectionError: Access denied for user 'root'@'localhost'
    at ConnectionManager.connect (/Users/able/Documents/GitHub/Sequelize template/node_modules/sequelize/src/dialects/mysql/connection-manager.js:126:17)
    at processTicksAndRejections (node:internal/process/task_queues:95:5)
    at async ConnectionManager._connect (/Users/able/Documents/GitHub/Sequelize template/node_modules/sequelize/src/dialects/abstract/connection-manager.js:332:24)
    at async /Users/able/Documents/GitHub/Sequelize template/node_modules/sequelize/src/dialects/abstract/connection-manager.js:250:32
2023-07-21 15:07:04 error: uncaughtException: Access denied for user 'root'@'localhost'
SequelizeConnectionError: Access denied for user 'root'@'localhost'
    at ConnectionManager.connect (/Users/able/Documents/GitHub/Sequelize template/node_modules/sequelize/src/dialects/mysql/connection-manager.js:126:17)
    at processTicksAndRejections (node:internal/process/task_queues:95:5)
    at async ConnectionManager._connect (/Users/able/Documents/GitHub/Sequelize template/node_modules/sequelize/src/dialects/abstract/connection-manager.js:332:24)
    at async /Users/able/Documents/GitHub/Sequelize template/node_modules/sequelize/src/dialects/abstract/connection-manager.js:250:32
