2023-07-26 13:24:57 error: [POST] /logout >> StatusCode:: 404, Message:: Authentication token missing
2023-07-26 13:33:50 error: [POST] /users >> StatusCode:: 400, Message:: password must be shorter than or equal to 32 characters
2023-07-26 13:34:20 error: [POST] /signup >> StatusCode:: 400, Message:: email must be an email,password must be shorter than or equal to 32 characters,password must be longer than or equal to 9 characters,password should not be empty,password must be a string
2023-07-26 13:35:21 error: [GET] /todos >> StatusCode:: 404, Message:: Authentication token missing
2023-07-26 13:36:02 error: [POST] /todos >> StatusCode:: 404, Message:: Authentication token missing
2023-07-26 13:36:16 error: [POST] /login >> StatusCode:: 400, Message:: email must be an email,password must be shorter than or equal to 32 characters,password must be longer than or equal to 9 characters,password should not be empty,password must be a string
2023-07-26 13:38:08 error: [POST] /todos >> StatusCode:: 500, Message:: notNull Violation: TodoModel.title cannot be null,
notNull Violation: TodoModel.content cannot be null,
notNull Violation: TodoModel.userId cannot be null
2023-07-26 13:44:33 error: [POST] /logout >> StatusCode:: 404, Message:: Authentication token missing
2023-07-26 13:44:37 error: [POST] /todos >> StatusCode:: 404, Message:: Authentication token missing
2023-07-26 13:44:41 error: [GET] /todos >> StatusCode:: 404, Message:: Authentication token missing
2023-07-26 13:47:17 error: [POST] /login >> StatusCode:: 400, Message:: email must be an email,password must be shorter than or equal to 32 characters,password must be longer than or equal to 9 characters,password should not be empty,password must be a string
2023-07-26 13:48:13 error: [POST] /todos >> StatusCode:: 500, Message:: notNull Violation: TodoModel.title cannot be null,
notNull Violation: TodoModel.content cannot be null,
notNull Violation: TodoModel.userId cannot be null
2023-07-26 13:50:39 error: [GET] /todos >> StatusCode:: 404, Message:: Authentication token missing
2023-07-26 13:51:31 error: [POST] /signup >> StatusCode:: 400, Message:: email must be an email
2023-07-26 13:52:02 error: [GET] /todos >> StatusCode:: 404, Message:: Authentication token missing
2023-07-26 13:52:22 error: [POST] /todos >> StatusCode:: 500, Message:: notNull Violation: TodoModel.title cannot be null,
notNull Violation: TodoModel.content cannot be null,
notNull Violation: TodoModel.userId cannot be null
2023-07-26 13:52:55 error: [POST] /todos >> StatusCode:: 500, Message:: notNull Violation: TodoModel.userId cannot be null
2023-07-26 14:16:23 error: [GET] /todos >> StatusCode:: 500, Message:: WHERE parameter "user_id" has invalid "undefined" value
2023-07-26 14:16:27 error: [GET] /todos >> StatusCode:: 500, Message:: WHERE parameter "user_id" has invalid "undefined" value
2023-07-26 14:17:20 error: [GET] /todos >> StatusCode:: 500, Message:: WHERE parameter "user_id" has invalid "undefined" value
2023-07-26 14:17:21 error: [GET] /todos >> StatusCode:: 500, Message:: WHERE parameter "user_id" has invalid "undefined" value
2023-07-26 14:21:03 error: [GET] /todos >> StatusCode:: 500, Message:: WHERE parameter "user_id" has invalid "undefined" value
2023-07-26 14:22:03 error: [GET] /todos/2 >> StatusCode:: 500, Message:: WHERE parameter "user_id" has invalid "undefined" value
2023-07-26 14:22:10 error: [GET] /todos/1 >> StatusCode:: 500, Message:: WHERE parameter "user_id" has invalid "undefined" value
2023-07-26 14:22:23 error: [GET] /todos/1 >> StatusCode:: 500, Message:: WHERE parameter "user_id" has invalid "undefined" value
2023-07-26 14:22:31 error: [GET] /todos/1 >> StatusCode:: 500, Message:: WHERE parameter "user_id" has invalid "undefined" value
2023-07-26 14:22:40 error: [GET] /todos/1 >> StatusCode:: 500, Message:: WHERE parameter "user_id" has invalid "undefined" value
2023-07-26 14:23:53 error: [GET] /todos/1 >> StatusCode:: 500, Message:: WHERE parameter "user_id" has invalid "undefined" value
2023-07-26 14:23:54 error: [GET] /todos/1 >> StatusCode:: 500, Message:: WHERE parameter "user_id" has invalid "undefined" value
2023-07-26 14:23:54 error: [GET] /todos/1 >> StatusCode:: 500, Message:: WHERE parameter "user_id" has invalid "undefined" value
2023-07-26 14:24:05 error: [GET] /todos/1 >> StatusCode:: 500, Message:: WHERE parameter "user_id" has invalid "undefined" value
2023-07-26 14:24:07 error: [GET] /todos/1 >> StatusCode:: 500, Message:: WHERE parameter "user_id" has invalid "undefined" value
2023-07-26 14:24:58 error: [GET] /todos/1 >> StatusCode:: 500, Message:: WHERE parameter "user_id" has invalid "undefined" value
2023-07-26 14:25:02 error: [GET] /todos/1 >> StatusCode:: 500, Message:: WHERE parameter "user_id" has invalid "undefined" value
2023-07-26 14:25:38 error: [GET] /todos/1 >> StatusCode:: 500, Message:: WHERE parameter "user_id" has invalid "undefined" value
2023-07-26 14:25:39 error: [GET] /todos/1 >> StatusCode:: 500, Message:: WHERE parameter "user_id" has invalid "undefined" value
2023-07-26 14:26:00 error: [GET] /todos/userId=2 >> StatusCode:: 500, Message:: WHERE parameter "user_id" has invalid "undefined" value
2023-07-26 14:26:01 error: [GET] /todos/userId=2 >> StatusCode:: 500, Message:: WHERE parameter "user_id" has invalid "undefined" value
2023-07-26 14:30:02 error: [GET] /todos/2 >> StatusCode:: 500, Message:: WHERE parameter "user_id" has invalid "undefined" value
2023-07-26 14:30:04 error: [GET] /todos/1 >> StatusCode:: 500, Message:: WHERE parameter "user_id" has invalid "undefined" value
2023-07-26 16:13:35 error: [GET] /todos/1 >> StatusCode:: 404, Message:: Authentication token missing
2023-07-26 16:13:37 error: [GET] /todos/2 >> StatusCode:: 404, Message:: Authentication token missing
2023-07-26 16:13:38 error: [GET] /todos/3 >> StatusCode:: 404, Message:: Authentication token missing
2023-07-26 16:13:55 error: [POST] /signup >> StatusCode:: 400, Message:: email must be an email,password must be shorter than or equal to 32 characters,password must be longer than or equal to 9 characters,password should not be empty,password must be a string
2023-07-26 16:14:37 error: [POST] /todos >> StatusCode:: 500, Message:: notNull Violation: TodoModel.title cannot be null,
notNull Violation: TodoModel.content cannot be null,
notNull Violation: TodoModel.userId cannot be null
2023-07-26 16:16:30 error: [POST] /todos >> StatusCode:: 400, Message:: Unexpected token } in JSON at position 9
2023-07-26 16:17:40 error: [GET] /users >> StatusCode:: 400, Message:: Unexpected token } in JSON at position 9
2023-07-26 16:18:01 error: [POST] /todos/1 >> StatusCode:: 500, Message:: notNull Violation: TodoModel.title cannot be null,
notNull Violation: TodoModel.content cannot be null,
notNull Violation: TodoModel.userId cannot be null
2023-07-26 16:18:28 error: [POST] /todos/1 >> StatusCode:: 500, Message:: notNull Violation: TodoModel.userId cannot be null
2023-07-26 16:19:22 error: [POST] /signup >> StatusCode:: 400, Message:: email must be an email,password must be shorter than or equal to 32 characters,password must be longer than or equal to 9 characters,password should not be empty,password must be a string
2023-07-26 16:20:13 error: [POST] /todos/1 >> StatusCode:: 500, Message:: notNull Violation: TodoModel.title cannot be null,
notNull Violation: TodoModel.content cannot be null,
notNull Violation: TodoModel.userId cannot be null
2023-07-26 16:24:42 error: [POST] /todos/1 >> StatusCode:: 500, Message:: notNull Violation: TodoModel.title cannot be null,
notNull Violation: TodoModel.content cannot be null,
notNull Violation: TodoModel.userId cannot be null
2023-07-26 16:24:44 error: [POST] /todos/2 >> StatusCode:: 500, Message:: notNull Violation: TodoModel.title cannot be null,
notNull Violation: TodoModel.content cannot be null,
notNull Violation: TodoModel.userId cannot be null
2023-07-26 16:24:45 error: [POST] /todos/3 >> StatusCode:: 500, Message:: notNull Violation: TodoModel.title cannot be null,
notNull Violation: TodoModel.content cannot be null,
notNull Violation: TodoModel.userId cannot be null
2023-07-26 16:24:47 error: [POST] /todos/1 >> StatusCode:: 500, Message:: notNull Violation: TodoModel.title cannot be null,
notNull Violation: TodoModel.content cannot be null,
notNull Violation: TodoModel.userId cannot be null
2023-07-26 16:24:51 error: [POST] /todos/1 >> StatusCode:: 500, Message:: notNull Violation: TodoModel.title cannot be null,
notNull Violation: TodoModel.content cannot be null,
notNull Violation: TodoModel.userId cannot be null
2023-07-26 16:46:50 error: [POST] /users/1/todos >> StatusCode:: 400, Message:: Unexpected token } in JSON at position 54
2023-07-26 16:46:55 error: [POST] /users/1/todos >> StatusCode:: 500, Message:: notNull Violation: TodoModel.userId cannot be null
2023-07-26 16:59:12 error: [POST] /users/2/todos >> StatusCode:: 500, Message:: notNull Violation: TodoModel.title cannot be null,
notNull Violation: TodoModel.content cannot be null,
notNull Violation: TodoModel.userId cannot be null
2023-07-26 16:59:26 error: [POST] /users/2/todos >> StatusCode:: 500, Message:: notNull Violation: TodoModel.title cannot be null,
notNull Violation: TodoModel.content cannot be null,
notNull Violation: TodoModel.userId cannot be null
2023-07-26 16:59:41 error: [POST] /users/2/todos >> StatusCode:: 500, Message:: notNull Violation: TodoModel.title cannot be null,
notNull Violation: TodoModel.content cannot be null,
notNull Violation: TodoModel.userId cannot be null
2023-07-26 17:30:03 error: [GET] /users/2/todos/ >> StatusCode:: 404, Message:: Authentication token missing
2023-07-26 17:30:07 error: [GET] /users/1/todos/ >> StatusCode:: 404, Message:: Authentication token missing
2023-07-26 17:30:10 error: [GET] /users/1/todos >> StatusCode:: 404, Message:: Authentication token missing
2023-07-26 17:30:14 error: [GET] /users/2/todos >> StatusCode:: 404, Message:: Authentication token missing
2023-07-26 17:32:04 error: [POST] /users/1/todos >> StatusCode:: 500, Message:: notNull Violation: TodoModel.title cannot be null,
notNull Violation: TodoModel.content cannot be null,
notNull Violation: TodoModel.userId cannot be null
