2023-07-24 16:45:40 info: =================================
2023-07-24 16:45:40 info: ======= ENV: development =======
2023-07-24 16:45:40 info: 🚀 App listening on the port 3000
2023-07-24 16:45:40 info: =================================
2023-07-24 16:45:40 info: 1ms Executed (default): SELECT 1+1 AS result
2023-07-24 16:45:40 info: 1ms Executed (default): SELECT TABLE_NAME FROM INFORMATION_SCHEMA.TABLES WHERE TABLE_TYPE = 'BASE TABLE' AND TABLE_NAME = 'users' AND TABLE_SCHEMA = 'todolist'
2023-07-24 16:45:40 info: 5ms Executed (default): SHOW INDEX FROM `users`
2023-07-24 16:45:40 info: 1ms Executed (default): SELECT TABLE_NAME FROM INFORMATION_SCHEMA.TABLES WHERE TABLE_TYPE = 'BASE TABLE' AND TABLE_NAME = 'todos' AND TABLE_SCHEMA = 'todolist'
2023-07-24 16:45:40 info: 28ms Executed (default): CREATE TABLE IF NOT EXISTS `todos` (`id` INTEGER NOT NULL , `title` VARCHAR(255) NOT NULL, `content` VARCHAR(255) NOT NULL, `user_id` INTEGER NOT NULL, `created_at` DATETIME NOT NULL, `updated_at` DATETIME NOT NULL, PRIMARY KEY (`id`), FOREIGN KEY (`user_id`) REFERENCES `UserModel` (`id`) ON DELETE CASCADE ON UPDATE CASCADE) ENGINE=InnoDB DEFAULT CHARSET=utf8mb4 COLLATE utf8mb4_general_ci;
2023-07-24 16:47:49 info: =================================
2023-07-24 16:47:49 info: ======= ENV: development =======
2023-07-24 16:47:49 info: 🚀 App listening on the port 3000
2023-07-24 16:47:49 info: =================================
2023-07-24 16:47:49 info: 1ms Executed (default): SELECT 1+1 AS result
2023-07-24 16:47:49 info: 1ms Executed (default): SELECT TABLE_NAME FROM INFORMATION_SCHEMA.TABLES WHERE TABLE_TYPE = 'BASE TABLE' AND TABLE_NAME = 'users' AND TABLE_SCHEMA = 'todolist'
2023-07-24 16:47:49 info: 1ms Executed (default): SHOW INDEX FROM `users`
2023-07-24 16:47:49 info: 0ms Executed (default): SELECT TABLE_NAME FROM INFORMATION_SCHEMA.TABLES WHERE TABLE_TYPE = 'BASE TABLE' AND TABLE_NAME = 'todos' AND TABLE_SCHEMA = 'todolist'
2023-07-24 16:47:49 info: 22ms Executed (default): CREATE TABLE IF NOT EXISTS `todos` (`id` INTEGER NOT NULL , `title` VARCHAR(255) NOT NULL, `content` VARCHAR(255) NOT NULL, `user_id` INTEGER NOT NULL, `created_at` DATETIME NOT NULL, `updated_at` DATETIME NOT NULL, PRIMARY KEY (`id`), FOREIGN KEY (`user_id`) REFERENCES `UserModel` (`id`) ON DELETE CASCADE ON UPDATE CASCADE) ENGINE=InnoDB DEFAULT CHARSET=utf8mb4 COLLATE utf8mb4_general_ci;
2023-07-24 16:47:50 info: ::1 - - [Mon, 24 Jul 2023 07:47:50 GMT] "GET / HTTP/1.1" 404 139 "-" "Mozilla/5.0 (Macintosh; Intel Mac OS X 10_15_7) AppleWebKit/537.36 (KHTML, like Gecko) Chrome/114.0.0.0 Safari/537.36"
2023-07-24 16:51:18 info: =================================
2023-07-24 16:51:18 info: ======= ENV: development =======
2023-07-24 16:51:18 info: 🚀 App listening on the port 3000
2023-07-24 16:51:18 info: =================================
2023-07-24 16:51:18 info: 0ms Executed (default): SELECT 1+1 AS result
2023-07-24 16:51:18 info: 1ms Executed (default): SELECT TABLE_NAME FROM INFORMATION_SCHEMA.TABLES WHERE TABLE_TYPE = 'BASE TABLE' AND TABLE_NAME = 'users' AND TABLE_SCHEMA = 'todolist'
2023-07-24 16:51:18 info: 1ms Executed (default): SHOW INDEX FROM `users`
2023-07-24 16:51:18 info: 0ms Executed (default): SELECT TABLE_NAME FROM INFORMATION_SCHEMA.TABLES WHERE TABLE_TYPE = 'BASE TABLE' AND TABLE_NAME = 'todos' AND TABLE_SCHEMA = 'todolist'
2023-07-24 16:51:18 info: 24ms Executed (default): CREATE TABLE IF NOT EXISTS `todos` (`id` INTEGER NOT NULL , `title` VARCHAR(255) NOT NULL, `content` VARCHAR(255) NOT NULL, `user_id` INTEGER NOT NULL, `created_at` DATETIME NOT NULL, `updated_at` DATETIME NOT NULL, PRIMARY KEY (`id`), FOREIGN KEY (`user_id`) REFERENCES `UserModel` (`id`) ON DELETE CASCADE ON UPDATE CASCADE) ENGINE=InnoDB DEFAULT CHARSET=utf8mb4 COLLATE utf8mb4_general_ci;
2023-07-24 17:00:02 info: =================================
2023-07-24 17:00:02 info: ======= ENV: development =======
2023-07-24 17:00:02 info: 🚀 App listening on the port 3000
2023-07-24 17:00:02 info: =================================
2023-07-24 17:00:02 info: 1ms Executed (default): SELECT 1+1 AS result
2023-07-24 17:00:02 info: 0ms Executed (default): SELECT TABLE_NAME FROM INFORMATION_SCHEMA.TABLES WHERE TABLE_TYPE = 'BASE TABLE' AND TABLE_NAME = 'users' AND TABLE_SCHEMA = 'todolist'
2023-07-24 17:00:02 info: 1ms Executed (default): SHOW INDEX FROM `users`
2023-07-24 17:00:02 info: 1ms Executed (default): SELECT TABLE_NAME FROM INFORMATION_SCHEMA.TABLES WHERE TABLE_TYPE = 'BASE TABLE' AND TABLE_NAME = 'todos' AND TABLE_SCHEMA = 'todolist'
2023-07-24 17:00:02 info: 24ms Executed (default): CREATE TABLE IF NOT EXISTS `todos` (`id` INTEGER NOT NULL , `title` VARCHAR(255) NOT NULL, `content` VARCHAR(255) NOT NULL, `user_id` INTEGER NOT NULL, `created_at` DATETIME NOT NULL, `updated_at` DATETIME NOT NULL, PRIMARY KEY (`id`), FOREIGN KEY (`user_id`) REFERENCES `UserModel` (`id`) ON DELETE CASCADE ON UPDATE CASCADE) ENGINE=InnoDB DEFAULT CHARSET=utf8mb4 COLLATE utf8mb4_general_ci;
2023-07-24 17:10:19 info: =================================
2023-07-24 17:10:19 info: ======= ENV: development =======
2023-07-24 17:10:19 info: 🚀 App listening on the port 3000
2023-07-24 17:10:19 info: =================================
2023-07-24 17:10:19 info: 1ms Executed (default): SELECT 1+1 AS result
2023-07-24 17:10:19 info: 0ms Executed (default): SELECT TABLE_NAME FROM INFORMATION_SCHEMA.TABLES WHERE TABLE_TYPE = 'BASE TABLE' AND TABLE_NAME = 'users' AND TABLE_SCHEMA = 'todolist'
2023-07-24 17:10:19 info: 33ms Executed (default): CREATE TABLE IF NOT EXISTS `users` (`id` INTEGER auto_increment , `email` VARCHAR(45) NOT NULL, `password` VARCHAR(255) NOT NULL, `created_at` DATETIME NOT NULL, `updated_at` DATETIME NOT NULL, PRIMARY KEY (`id`)) ENGINE=InnoDB DEFAULT CHARSET=utf8mb4 COLLATE utf8mb4_general_ci;
2023-07-24 17:10:19 info: 1ms Executed (default): SHOW INDEX FROM `users`
2023-07-24 17:10:19 info: 0ms Executed (default): SELECT TABLE_NAME FROM INFORMATION_SCHEMA.TABLES WHERE TABLE_TYPE = 'BASE TABLE' AND TABLE_NAME = 'todos' AND TABLE_SCHEMA = 'todolist'
2023-07-24 17:10:19 info: 27ms Executed (default): CREATE TABLE IF NOT EXISTS `todos` (`id` INTEGER NOT NULL , `title` VARCHAR(255) NOT NULL, `content` VARCHAR(255) NOT NULL, `user_id` INTEGER NOT NULL, `created_at` DATETIME NOT NULL, `updated_at` DATETIME NOT NULL, PRIMARY KEY (`id`), FOREIGN KEY (`user_id`) REFERENCES `UserModel` (`id`) ON DELETE CASCADE ON UPDATE CASCADE) ENGINE=InnoDB DEFAULT CHARSET=utf8mb4 COLLATE utf8mb4_general_ci;
2023-07-24 17:18:40 info: =================================
2023-07-24 17:18:40 info: ======= ENV: development =======
2023-07-24 17:18:40 info: 🚀 App listening on the port 3000
2023-07-24 17:18:40 info: =================================
2023-07-24 17:18:40 info: 1ms Executed (default): SELECT 1+1 AS result
2023-07-24 17:18:40 info: 1ms Executed (default): SELECT TABLE_NAME FROM INFORMATION_SCHEMA.TABLES WHERE TABLE_TYPE = 'BASE TABLE' AND TABLE_NAME = 'users' AND TABLE_SCHEMA = 'todolist'
2023-07-24 17:18:40 info: 1ms Executed (default): SHOW INDEX FROM `users`
2023-07-24 17:18:40 info: 0ms Executed (default): SELECT TABLE_NAME FROM INFORMATION_SCHEMA.TABLES WHERE TABLE_TYPE = 'BASE TABLE' AND TABLE_NAME = 'todos' AND TABLE_SCHEMA = 'todolist'
2023-07-24 17:18:40 info: 24ms Executed (default): CREATE TABLE IF NOT EXISTS `todos` (`id` INTEGER NOT NULL , `title` VARCHAR(255) NOT NULL, `content` VARCHAR(255) NOT NULL, `user_id` INTEGER NOT NULL, `created_at` DATETIME NOT NULL, `updated_at` DATETIME NOT NULL, PRIMARY KEY (`id`), FOREIGN KEY (`user_id`) REFERENCES `UserModel` (`id`) ON DELETE CASCADE ON UPDATE CASCADE) ENGINE=InnoDB DEFAULT CHARSET=utf8mb4 COLLATE utf8mb4_general_ci;
2023-07-24 17:25:17 info: =================================
2023-07-24 17:25:17 info: ======= ENV: development =======
2023-07-24 17:25:17 info: 🚀 App listening on the port 3000
2023-07-24 17:25:17 info: =================================
2023-07-24 17:25:17 info: 2ms Executed (default): SELECT 1+1 AS result
2023-07-24 17:25:17 info: 2ms Executed (default): SELECT TABLE_NAME FROM INFORMATION_SCHEMA.TABLES WHERE TABLE_TYPE = 'BASE TABLE' AND TABLE_NAME = 'users' AND TABLE_SCHEMA = 'todolist'
2023-07-24 17:25:17 info: 1ms Executed (default): SHOW INDEX FROM `users`
2023-07-24 17:25:17 info: 0ms Executed (default): SELECT TABLE_NAME FROM INFORMATION_SCHEMA.TABLES WHERE TABLE_TYPE = 'BASE TABLE' AND TABLE_NAME = 'todos' AND TABLE_SCHEMA = 'todolist'
2023-07-24 17:25:17 info: 24ms Executed (default): CREATE TABLE IF NOT EXISTS `todos` (`id` INTEGER NOT NULL , `title` VARCHAR(255) NOT NULL, `content` VARCHAR(255) NOT NULL, `user_id` INTEGER NOT NULL, `created_at` DATETIME NOT NULL, `updated_at` DATETIME NOT NULL, PRIMARY KEY (`id`), FOREIGN KEY (`user_id`) REFERENCES `UserModel` (`id`) ON DELETE CASCADE ON UPDATE CASCADE) ENGINE=InnoDB DEFAULT CHARSET=utf8mb4 COLLATE utf8mb4_general_ci;
2023-07-24 17:25:20 info: =================================
2023-07-24 17:25:20 info: ======= ENV: development =======
2023-07-24 17:25:20 info: 🚀 App listening on the port 3000
2023-07-24 17:25:20 info: =================================
2023-07-24 17:25:20 info: 1ms Executed (default): SELECT 1+1 AS result
2023-07-24 17:25:20 info: 0ms Executed (default): SELECT TABLE_NAME FROM INFORMATION_SCHEMA.TABLES WHERE TABLE_TYPE = 'BASE TABLE' AND TABLE_NAME = 'users' AND TABLE_SCHEMA = 'todolist'
2023-07-24 17:25:20 info: 1ms Executed (default): SHOW INDEX FROM `users`
2023-07-24 17:25:20 info: 1ms Executed (default): SELECT TABLE_NAME FROM INFORMATION_SCHEMA.TABLES WHERE TABLE_TYPE = 'BASE TABLE' AND TABLE_NAME = 'todos' AND TABLE_SCHEMA = 'todolist'
2023-07-24 17:25:20 info: 23ms Executed (default): CREATE TABLE IF NOT EXISTS `todos` (`id` INTEGER NOT NULL , `title` VARCHAR(255) NOT NULL, `content` VARCHAR(255) NOT NULL, `user_id` INTEGER NOT NULL, `created_at` DATETIME NOT NULL, `updated_at` DATETIME NOT NULL, PRIMARY KEY (`id`), FOREIGN KEY (`user_id`) REFERENCES `UserModel` (`id`) ON DELETE CASCADE ON UPDATE CASCADE) ENGINE=InnoDB DEFAULT CHARSET=utf8mb4 COLLATE utf8mb4_general_ci;
2023-07-24 17:25:47 info: =================================
2023-07-24 17:25:47 info: ======= ENV: development =======
2023-07-24 17:25:47 info: 🚀 App listening on the port 3000
2023-07-24 17:25:47 info: =================================
2023-07-24 17:25:47 info: 0ms Executed (default): SELECT 1+1 AS result
2023-07-24 17:25:47 info: 1ms Executed (default): SELECT TABLE_NAME FROM INFORMATION_SCHEMA.TABLES WHERE TABLE_TYPE = 'BASE TABLE' AND TABLE_NAME = 'users' AND TABLE_SCHEMA = 'todolist'
2023-07-24 17:25:47 info: 1ms Executed (default): SHOW INDEX FROM `users`
2023-07-24 17:25:47 info: 0ms Executed (default): SELECT TABLE_NAME FROM INFORMATION_SCHEMA.TABLES WHERE TABLE_TYPE = 'BASE TABLE' AND TABLE_NAME = 'todos' AND TABLE_SCHEMA = 'todolist'
2023-07-24 17:25:47 info: 27ms Executed (default): CREATE TABLE IF NOT EXISTS `todos` (`id` INTEGER NOT NULL , `title` VARCHAR(255) NOT NULL, `content` VARCHAR(255) NOT NULL, `user_id` INTEGER NOT NULL, `created_at` DATETIME NOT NULL, `updated_at` DATETIME NOT NULL, PRIMARY KEY (`id`), FOREIGN KEY (`user_id`) REFERENCES `UserModel` (`id`) ON DELETE CASCADE ON UPDATE CASCADE) ENGINE=InnoDB DEFAULT CHARSET=utf8mb4 COLLATE utf8mb4_general_ci;
2023-07-24 17:26:52 info: =================================
2023-07-24 17:26:52 info: ======= ENV: development =======
2023-07-24 17:26:52 info: 🚀 App listening on the port 3000
2023-07-24 17:26:52 info: =================================
2023-07-24 17:26:52 info: 1ms Executed (default): SELECT 1+1 AS result
2023-07-24 17:26:52 info: 1ms Executed (default): SELECT TABLE_NAME FROM INFORMATION_SCHEMA.TABLES WHERE TABLE_TYPE = 'BASE TABLE' AND TABLE_NAME = 'users' AND TABLE_SCHEMA = 'todolist'
2023-07-24 17:26:52 info: 1ms Executed (default): SHOW INDEX FROM `users`
2023-07-24 17:26:52 info: 1ms Executed (default): SELECT TABLE_NAME FROM INFORMATION_SCHEMA.TABLES WHERE TABLE_TYPE = 'BASE TABLE' AND TABLE_NAME = 'todos' AND TABLE_SCHEMA = 'todolist'
2023-07-24 17:26:52 info: 21ms Executed (default): CREATE TABLE IF NOT EXISTS `todos` (`id` INTEGER NOT NULL , `title` VARCHAR(255) NOT NULL, `content` VARCHAR(255) NOT NULL, `user_id` INTEGER NOT NULL, `created_at` DATETIME NOT NULL, `updated_at` DATETIME NOT NULL, PRIMARY KEY (`id`), FOREIGN KEY (`user_id`) REFERENCES `users` (`id`) ON DELETE CASCADE ON UPDATE CASCADE) ENGINE=InnoDB DEFAULT CHARSET=utf8mb4 COLLATE utf8mb4_general_ci;
2023-07-24 17:26:52 info: 1ms Executed (default): SHOW INDEX FROM `todos`
2023-07-24 17:27:34 info: ::1 - - [Mon, 24 Jul 2023 08:27:34 GMT] "GET / HTTP/1.1" 404 139 "-" "Mozilla/5.0 (Macintosh; Intel Mac OS X 10_15_7) AppleWebKit/537.36 (KHTML, like Gecko) Chrome/114.0.0.0 Safari/537.36"
2023-07-24 17:34:33 info: =================================
2023-07-24 17:34:33 info: ======= ENV: development =======
2023-07-24 17:34:33 info: 🚀 App listening on the port 3000
2023-07-24 17:34:33 info: =================================
2023-07-24 17:34:33 info: 1ms Executed (default): SELECT 1+1 AS result
2023-07-24 17:34:33 info: 2ms Executed (default): SELECT TABLE_NAME FROM INFORMATION_SCHEMA.TABLES WHERE TABLE_TYPE = 'BASE TABLE' AND TABLE_NAME = 'users' AND TABLE_SCHEMA = 'todolist'
2023-07-24 17:34:33 info: 1ms Executed (default): SHOW INDEX FROM `users`
2023-07-24 17:34:33 info: 0ms Executed (default): SELECT TABLE_NAME FROM INFORMATION_SCHEMA.TABLES WHERE TABLE_TYPE = 'BASE TABLE' AND TABLE_NAME = 'todos' AND TABLE_SCHEMA = 'todolist'
2023-07-24 17:34:33 info: 1ms Executed (default): SHOW INDEX FROM `todos`
2023-07-24 17:35:17 info: =================================
2023-07-24 17:35:17 info: ======= ENV: development =======
2023-07-24 17:35:17 info: 🚀 App listening on the port 3000
2023-07-24 17:35:17 info: =================================
2023-07-24 17:35:17 info: 2ms Executed (default): SELECT 1+1 AS result
2023-07-24 17:35:17 info: 1ms Executed (default): SELECT TABLE_NAME FROM INFORMATION_SCHEMA.TABLES WHERE TABLE_TYPE = 'BASE TABLE' AND TABLE_NAME = 'users' AND TABLE_SCHEMA = 'todolist'
2023-07-24 17:35:17 info: 1ms Executed (default): SHOW INDEX FROM `users`
2023-07-24 17:35:17 info: 1ms Executed (default): SELECT TABLE_NAME FROM INFORMATION_SCHEMA.TABLES WHERE TABLE_TYPE = 'BASE TABLE' AND TABLE_NAME = 'todos' AND TABLE_SCHEMA = 'todolist'
2023-07-24 17:35:17 info: 1ms Executed (default): SHOW INDEX FROM `todos`
2023-07-24 17:35:18 info: =================================
2023-07-24 17:35:18 info: ======= ENV: development =======
2023-07-24 17:35:18 info: 🚀 App listening on the port 3000
2023-07-24 17:35:18 info: =================================
2023-07-24 17:35:18 info: 1ms Executed (default): SELECT 1+1 AS result
2023-07-24 17:35:18 info: 0ms Executed (default): SELECT TABLE_NAME FROM INFORMATION_SCHEMA.TABLES WHERE TABLE_TYPE = 'BASE TABLE' AND TABLE_NAME = 'users' AND TABLE_SCHEMA = 'todolist'
2023-07-24 17:35:18 info: 1ms Executed (default): SHOW INDEX FROM `users`
2023-07-24 17:35:18 info: 0ms Executed (default): SELECT TABLE_NAME FROM INFORMATION_SCHEMA.TABLES WHERE TABLE_TYPE = 'BASE TABLE' AND TABLE_NAME = 'todos' AND TABLE_SCHEMA = 'todolist'
2023-07-24 17:35:18 info: 0ms Executed (default): SHOW INDEX FROM `todos`
2023-07-24 17:35:24 info: =================================
2023-07-24 17:35:24 info: ======= ENV: development =======
2023-07-24 17:35:24 info: 🚀 App listening on the port 3000
2023-07-24 17:35:24 info: =================================
2023-07-24 17:35:24 info: 1ms Executed (default): SELECT 1+1 AS result
2023-07-24 17:35:24 info: 0ms Executed (default): SELECT TABLE_NAME FROM INFORMATION_SCHEMA.TABLES WHERE TABLE_TYPE = 'BASE TABLE' AND TABLE_NAME = 'users' AND TABLE_SCHEMA = 'todolist'
2023-07-24 17:35:24 info: 1ms Executed (default): SHOW INDEX FROM `users`
2023-07-24 17:35:24 info: 0ms Executed (default): SELECT TABLE_NAME FROM INFORMATION_SCHEMA.TABLES WHERE TABLE_TYPE = 'BASE TABLE' AND TABLE_NAME = 'todos' AND TABLE_SCHEMA = 'todolist'
2023-07-24 17:35:24 info: 0ms Executed (default): SHOW INDEX FROM `todos`
2023-07-24 17:38:38 info: =================================
2023-07-24 17:38:38 info: ======= ENV: development =======
2023-07-24 17:38:38 info: 🚀 App listening on the port 3000
2023-07-24 17:38:38 info: =================================
2023-07-24 17:38:38 info: 1ms Executed (default): SELECT 1+1 AS result
2023-07-24 17:38:38 info: 0ms Executed (default): SELECT TABLE_NAME FROM INFORMATION_SCHEMA.TABLES WHERE TABLE_TYPE = 'BASE TABLE' AND TABLE_NAME = 'users' AND TABLE_SCHEMA = 'todolist'
2023-07-24 17:38:38 info: 1ms Executed (default): SHOW INDEX FROM `users`
2023-07-24 17:38:38 info: 1ms Executed (default): SELECT TABLE_NAME FROM INFORMATION_SCHEMA.TABLES WHERE TABLE_TYPE = 'BASE TABLE' AND TABLE_NAME = 'todos' AND TABLE_SCHEMA = 'todolist'
2023-07-24 17:38:38 info: 0ms Executed (default): SHOW INDEX FROM `todos`
2023-07-24 17:41:53 info: =================================
2023-07-24 17:41:53 info: ======= ENV: development =======
2023-07-24 17:41:53 info: 🚀 App listening on the port 3000
2023-07-24 17:41:53 info: =================================
2023-07-24 17:41:53 info: 0ms Executed (default): SELECT 1+1 AS result
2023-07-24 17:41:53 info: 0ms Executed (default): SELECT TABLE_NAME FROM INFORMATION_SCHEMA.TABLES WHERE TABLE_TYPE = 'BASE TABLE' AND TABLE_NAME = 'users' AND TABLE_SCHEMA = 'todolist'
2023-07-24 17:41:53 info: 21ms Executed (default): CREATE TABLE IF NOT EXISTS `users` (`id` INTEGER auto_increment , `email` VARCHAR(45) NOT NULL, `password` VARCHAR(255) NOT NULL, `created_at` DATETIME NOT NULL, `updated_at` DATETIME NOT NULL, PRIMARY KEY (`id`)) ENGINE=InnoDB DEFAULT CHARSET=utf8mb4 COLLATE utf8mb4_general_ci;
2023-07-24 17:41:53 info: 1ms Executed (default): SHOW INDEX FROM `users`
2023-07-24 17:41:53 info: 1ms Executed (default): SELECT TABLE_NAME FROM INFORMATION_SCHEMA.TABLES WHERE TABLE_TYPE = 'BASE TABLE' AND TABLE_NAME = 'todos' AND TABLE_SCHEMA = 'todolist'
2023-07-24 17:41:53 info: 23ms Executed (default): CREATE TABLE IF NOT EXISTS `todos` (`id` INTEGER NOT NULL , `title` VARCHAR(255) NOT NULL, `content` VARCHAR(255) NOT NULL, `user_id` INTEGER NOT NULL, `created_at` DATETIME NOT NULL, `updated_at` DATETIME NOT NULL, PRIMARY KEY (`id`), FOREIGN KEY (`user_id`) REFERENCES `users` (`id`) ON DELETE CASCADE ON UPDATE CASCADE) ENGINE=InnoDB DEFAULT CHARSET=utf8mb4 COLLATE utf8mb4_general_ci;
2023-07-24 17:41:53 info: 1ms Executed (default): SHOW INDEX FROM `todos`
