2023-07-28 10:18:20 info: =================================
2023-07-28 10:18:20 info: ======= ENV: development =======
2023-07-28 10:18:20 info: 🚀 App listening on the port 3000
2023-07-28 10:18:20 info: =================================
2023-07-28 10:18:20 info: 4ms Executed (default): SELECT 1+1 AS result
2023-07-28 10:18:20 info: 5ms Executed (default): SELECT TABLE_NAME FROM INFORMATION_SCHEMA.TABLES WHERE TABLE_TYPE = 'BASE TABLE' AND TABLE_NAME = 'users' AND TABLE_SCHEMA = 'todolist'
2023-07-28 10:18:20 info: 3ms Executed (default): SHOW INDEX FROM `users`
2023-07-28 10:18:20 info: 0ms Executed (default): SELECT TABLE_NAME FROM INFORMATION_SCHEMA.TABLES WHERE TABLE_TYPE = 'BASE TABLE' AND TABLE_NAME = 'todos' AND TABLE_SCHEMA = 'todolist'
2023-07-28 10:18:20 info: 1ms Executed (default): SHOW INDEX FROM `todos`
2023-07-28 10:18:41 error: [POST] /login >> StatusCode:: 400, Message:: email must be an email,password must be shorter than or equal to 32 characters,password must be longer than or equal to 9 characters,password should not be empty,password must be a string
2023-07-28 10:18:41 info: ::1 - - [Fri, 28 Jul 2023 01:18:41 GMT] "POST /login HTTP/1.1" 400 201 "-" "PostmanRuntime/7.32.3"
2023-07-28 10:20:21 info: 1ms Executed (default): SELECT `id`, `email`, `password`, `created_at` AS `createdAt`, `updated_at` AS `updatedAt` FROM `users` AS `UserModel` WHERE `UserModel`.`email` = 'rnjstnsgh31@gmail.com' LIMIT 1;
2023-07-28 10:20:22 info: ::1 - - [Fri, 28 Jul 2023 01:20:22 GMT] "POST /login HTTP/1.1" 200 219 "-" "PostmanRuntime/7.32.3"
2023-07-28 10:20:28 info: 2ms Executed (default): SELECT `id`, `email`, `password`, `created_at` AS `createdAt`, `updated_at` AS `updatedAt` FROM `users` AS `UserModel` WHERE `UserModel`.`id` = 3;
2023-07-28 10:20:28 info: 2ms Executed (default): SELECT `id`, `title`, `content`, `user_id` AS `userId`, `created_at` AS `createdAt`, `updated_at` AS `updatedAt` FROM `todos` AS `TodoModel` WHERE `TodoModel`.`user_id` = 3;
2023-07-28 10:20:28 info: ::1 - - [Fri, 28 Jul 2023 01:20:28 GMT] "GET /todos HTTP/1.1" 200 189 "-" "PostmanRuntime/7.32.3"
2023-07-28 10:22:08 info: =================================
2023-07-28 10:22:08 info: ======= ENV: development =======
2023-07-28 10:22:08 info: 🚀 App listening on the port 3000
2023-07-28 10:22:08 info: =================================
2023-07-28 10:22:08 info: 1ms Executed (default): SELECT 1+1 AS result
2023-07-28 10:22:08 info: 1ms Executed (default): SELECT TABLE_NAME FROM INFORMATION_SCHEMA.TABLES WHERE TABLE_TYPE = 'BASE TABLE' AND TABLE_NAME = 'users' AND TABLE_SCHEMA = 'todolist'
2023-07-28 10:22:08 info: 1ms Executed (default): SHOW INDEX FROM `users`
2023-07-28 10:22:08 info: 1ms Executed (default): SELECT TABLE_NAME FROM INFORMATION_SCHEMA.TABLES WHERE TABLE_TYPE = 'BASE TABLE' AND TABLE_NAME = 'todos' AND TABLE_SCHEMA = 'todolist'
2023-07-28 10:22:08 info: 0ms Executed (default): SHOW INDEX FROM `todos`
2023-07-28 10:22:54 info: =================================
2023-07-28 10:22:54 info: ======= ENV: development =======
2023-07-28 10:22:54 info: 🚀 App listening on the port 3000
2023-07-28 10:22:54 info: =================================
2023-07-28 10:22:54 info: 0ms Executed (default): SELECT 1+1 AS result
2023-07-28 10:22:54 info: 0ms Executed (default): SELECT TABLE_NAME FROM INFORMATION_SCHEMA.TABLES WHERE TABLE_TYPE = 'BASE TABLE' AND TABLE_NAME = 'users' AND TABLE_SCHEMA = 'todolist'
2023-07-28 10:22:54 info: 0ms Executed (default): SHOW INDEX FROM `users`
2023-07-28 10:22:54 info: 0ms Executed (default): SELECT TABLE_NAME FROM INFORMATION_SCHEMA.TABLES WHERE TABLE_TYPE = 'BASE TABLE' AND TABLE_NAME = 'todos' AND TABLE_SCHEMA = 'todolist'
2023-07-28 10:22:54 info: 1ms Executed (default): SHOW INDEX FROM `todos`
2023-07-28 10:23:23 info: ::1 - - [Fri, 28 Jul 2023 01:23:23 GMT] "PUT /todos HTTP/1.1" 404 144 "-" "PostmanRuntime/7.32.3"
2023-07-28 10:23:36 error: [PUT] /todos/6 >> StatusCode:: 400, Message:: content must be longer than or equal to 10 characters
2023-07-28 10:23:36 info: ::1 - - [Fri, 28 Jul 2023 01:23:36 GMT] "PUT /todos/6 HTTP/1.1" 400 67 "-" "PostmanRuntime/7.32.3"
2023-07-28 10:23:43 error: [PUT] /todos/6 >> StatusCode:: 400, Message:: Unexpected token h in JSON at position 24
2023-07-28 10:23:43 info: ::1 - - [Fri, 28 Jul 2023 01:23:43 GMT] "PUT /todos/6 HTTP/1.1" 400 55 "-" "PostmanRuntime/7.32.3"
2023-07-28 10:23:51 info: 1ms Executed (default): SELECT `id`, `email`, `password`, `created_at` AS `createdAt`, `updated_at` AS `updatedAt` FROM `users` AS `UserModel` WHERE `UserModel`.`id` = 3;
2023-07-28 10:23:51 info: 4ms Executed (default): UPDATE `todos` SET `title`=?,`content`=?,`updated_at`=? WHERE `id` = ? AND `user_id` = ?; "ddddddd", "fffbbbbbbfff", "2023-07-28 10:23:51.447", 6, 3
2023-07-28 10:23:51 info: ::1 - - [Fri, 28 Jul 2023 01:23:51 GMT] "PUT /todos/6 HTTP/1.1" 200 32 "-" "PostmanRuntime/7.32.3"
2023-07-28 10:23:57 info: 0ms Executed (default): SELECT `id`, `email`, `password`, `created_at` AS `createdAt`, `updated_at` AS `updatedAt` FROM `users` AS `UserModel` WHERE `UserModel`.`id` = 3;
2023-07-28 10:23:57 info: 1ms Executed (default): SELECT `id`, `title`, `content`, `user_id` AS `userId`, `created_at` AS `createdAt`, `updated_at` AS `updatedAt` FROM `todos` AS `TodoModel` WHERE `TodoModel`.`user_id` = 3;
2023-07-28 10:23:57 info: ::1 - - [Fri, 28 Jul 2023 01:23:57 GMT] "GET /todos HTTP/1.1" 200 171 "-" "PostmanRuntime/7.32.3"
2023-07-28 10:25:13 info: ::1 - - [Fri, 28 Jul 2023 01:25:13 GMT] "GET /todos/6 HTTP/1.1" 404 146 "-" "PostmanRuntime/7.32.3"
2023-07-28 10:25:17 info: 0ms Executed (default): SELECT `id`, `email`, `password`, `created_at` AS `createdAt`, `updated_at` AS `updatedAt` FROM `users` AS `UserModel` WHERE `UserModel`.`id` = 3;
2023-07-28 10:25:17 info: 1ms Executed (default): UPDATE `todos` SET `title`=?,`content`=?,`updated_at`=? WHERE `id` = ? AND `user_id` = ?; "dddfffdddd", "fffbbbbbbddddfff", "2023-07-28 10:25:17.905", 6, 3
2023-07-28 10:25:17 info: ::1 - - [Fri, 28 Jul 2023 01:25:17 GMT] "PUT /todos/6 HTTP/1.1" 200 32 "-" "PostmanRuntime/7.32.3"
2023-07-28 10:28:12 info: =================================
2023-07-28 10:28:12 info: ======= ENV: development =======
2023-07-28 10:28:12 info: 🚀 App listening on the port 3000
2023-07-28 10:28:12 info: =================================
2023-07-28 10:28:12 info: 1ms Executed (default): SELECT 1+1 AS result
2023-07-28 10:28:12 info: 0ms Executed (default): SELECT TABLE_NAME FROM INFORMATION_SCHEMA.TABLES WHERE TABLE_TYPE = 'BASE TABLE' AND TABLE_NAME = 'users' AND TABLE_SCHEMA = 'todolist'
2023-07-28 10:28:12 info: 0ms Executed (default): SHOW INDEX FROM `users`
2023-07-28 10:28:12 info: 0ms Executed (default): SELECT TABLE_NAME FROM INFORMATION_SCHEMA.TABLES WHERE TABLE_TYPE = 'BASE TABLE' AND TABLE_NAME = 'todos' AND TABLE_SCHEMA = 'todolist'
2023-07-28 10:28:12 info: 1ms Executed (default): SHOW INDEX FROM `todos`
2023-07-28 10:28:25 info: =================================
2023-07-28 10:28:25 info: ======= ENV: development =======
2023-07-28 10:28:25 info: 🚀 App listening on the port 3000
2023-07-28 10:28:25 info: =================================
2023-07-28 10:28:25 info: 1ms Executed (default): SELECT 1+1 AS result
2023-07-28 10:28:25 info: 0ms Executed (default): SELECT TABLE_NAME FROM INFORMATION_SCHEMA.TABLES WHERE TABLE_TYPE = 'BASE TABLE' AND TABLE_NAME = 'users' AND TABLE_SCHEMA = 'todolist'
2023-07-28 10:28:25 info: 1ms Executed (default): SHOW INDEX FROM `users`
2023-07-28 10:28:25 info: 1ms Executed (default): SELECT TABLE_NAME FROM INFORMATION_SCHEMA.TABLES WHERE TABLE_TYPE = 'BASE TABLE' AND TABLE_NAME = 'todos' AND TABLE_SCHEMA = 'todolist'
2023-07-28 10:28:25 info: 1ms Executed (default): SHOW INDEX FROM `todos`
2023-07-28 10:28:49 info: =================================
2023-07-28 10:28:49 info: ======= ENV: development =======
2023-07-28 10:28:49 info: 🚀 App listening on the port 3000
2023-07-28 10:28:49 info: =================================
2023-07-28 10:28:49 info: 0ms Executed (default): SELECT 1+1 AS result
2023-07-28 10:28:49 info: 1ms Executed (default): SELECT TABLE_NAME FROM INFORMATION_SCHEMA.TABLES WHERE TABLE_TYPE = 'BASE TABLE' AND TABLE_NAME = 'users' AND TABLE_SCHEMA = 'todolist'
2023-07-28 10:28:49 info: 1ms Executed (default): SHOW INDEX FROM `users`
2023-07-28 10:28:49 info: 0ms Executed (default): SELECT TABLE_NAME FROM INFORMATION_SCHEMA.TABLES WHERE TABLE_TYPE = 'BASE TABLE' AND TABLE_NAME = 'todos' AND TABLE_SCHEMA = 'todolist'
2023-07-28 10:28:49 info: 0ms Executed (default): SHOW INDEX FROM `todos`
2023-07-28 10:29:35 info: =================================
2023-07-28 10:29:35 info: ======= ENV: development =======
2023-07-28 10:29:35 info: 🚀 App listening on the port 3000
2023-07-28 10:29:35 info: =================================
2023-07-28 10:29:35 info: 0ms Executed (default): SELECT 1+1 AS result
2023-07-28 10:29:35 info: 1ms Executed (default): SELECT TABLE_NAME FROM INFORMATION_SCHEMA.TABLES WHERE TABLE_TYPE = 'BASE TABLE' AND TABLE_NAME = 'users' AND TABLE_SCHEMA = 'todolist'
2023-07-28 10:29:35 info: 1ms Executed (default): SHOW INDEX FROM `users`
2023-07-28 10:29:35 info: 1ms Executed (default): SELECT TABLE_NAME FROM INFORMATION_SCHEMA.TABLES WHERE TABLE_TYPE = 'BASE TABLE' AND TABLE_NAME = 'todos' AND TABLE_SCHEMA = 'todolist'
2023-07-28 10:29:35 info: 0ms Executed (default): SHOW INDEX FROM `todos`
2023-07-28 10:30:58 info: =================================
2023-07-28 10:30:58 info: ======= ENV: development =======
2023-07-28 10:30:58 info: 🚀 App listening on the port 3000
2023-07-28 10:30:58 info: =================================
2023-07-28 10:30:58 info: 0ms Executed (default): SELECT 1+1 AS result
2023-07-28 10:30:58 info: 1ms Executed (default): SELECT TABLE_NAME FROM INFORMATION_SCHEMA.TABLES WHERE TABLE_TYPE = 'BASE TABLE' AND TABLE_NAME = 'users' AND TABLE_SCHEMA = 'todolist'
2023-07-28 10:30:58 info: 1ms Executed (default): SHOW INDEX FROM `users`
2023-07-28 10:30:58 info: 0ms Executed (default): SELECT TABLE_NAME FROM INFORMATION_SCHEMA.TABLES WHERE TABLE_TYPE = 'BASE TABLE' AND TABLE_NAME = 'todos' AND TABLE_SCHEMA = 'todolist'
2023-07-28 10:30:58 info: 1ms Executed (default): SHOW INDEX FROM `todos`
2023-07-28 10:31:15 info: =================================
2023-07-28 10:31:15 info: ======= ENV: development =======
2023-07-28 10:31:15 info: 🚀 App listening on the port 3000
2023-07-28 10:31:15 info: =================================
2023-07-28 10:31:15 info: 1ms Executed (default): SELECT 1+1 AS result
2023-07-28 10:31:15 info: 0ms Executed (default): SELECT TABLE_NAME FROM INFORMATION_SCHEMA.TABLES WHERE TABLE_TYPE = 'BASE TABLE' AND TABLE_NAME = 'users' AND TABLE_SCHEMA = 'todolist'
2023-07-28 10:31:15 info: 1ms Executed (default): SHOW INDEX FROM `users`
2023-07-28 10:31:15 info: 1ms Executed (default): SELECT TABLE_NAME FROM INFORMATION_SCHEMA.TABLES WHERE TABLE_TYPE = 'BASE TABLE' AND TABLE_NAME = 'todos' AND TABLE_SCHEMA = 'todolist'
2023-07-28 10:31:15 info: 1ms Executed (default): SHOW INDEX FROM `todos`
2023-07-28 10:31:30 info: =================================
2023-07-28 10:31:30 info: ======= ENV: development =======
2023-07-28 10:31:30 info: 🚀 App listening on the port 3000
2023-07-28 10:31:30 info: =================================
2023-07-28 10:31:30 info: 1ms Executed (default): SELECT 1+1 AS result
2023-07-28 10:31:30 info: 0ms Executed (default): SELECT TABLE_NAME FROM INFORMATION_SCHEMA.TABLES WHERE TABLE_TYPE = 'BASE TABLE' AND TABLE_NAME = 'users' AND TABLE_SCHEMA = 'todolist'
2023-07-28 10:31:30 info: 1ms Executed (default): SHOW INDEX FROM `users`
2023-07-28 10:31:30 info: 1ms Executed (default): SELECT TABLE_NAME FROM INFORMATION_SCHEMA.TABLES WHERE TABLE_TYPE = 'BASE TABLE' AND TABLE_NAME = 'todos' AND TABLE_SCHEMA = 'todolist'
2023-07-28 10:31:30 info: 1ms Executed (default): SHOW INDEX FROM `todos`
2023-07-28 10:40:42 info: =================================
2023-07-28 10:40:42 info: ======= ENV: development =======
2023-07-28 10:40:42 info: 🚀 App listening on the port 3000
2023-07-28 10:40:42 info: =================================
2023-07-28 10:40:42 info: 1ms Executed (default): SELECT 1+1 AS result
2023-07-28 10:40:42 info: 1ms Executed (default): SELECT TABLE_NAME FROM INFORMATION_SCHEMA.TABLES WHERE TABLE_TYPE = 'BASE TABLE' AND TABLE_NAME = 'users' AND TABLE_SCHEMA = 'todolist'
2023-07-28 10:40:42 info: 1ms Executed (default): SHOW INDEX FROM `users`
2023-07-28 10:40:42 info: 1ms Executed (default): SELECT TABLE_NAME FROM INFORMATION_SCHEMA.TABLES WHERE TABLE_TYPE = 'BASE TABLE' AND TABLE_NAME = 'todos' AND TABLE_SCHEMA = 'todolist'
2023-07-28 10:40:42 info: 0ms Executed (default): SHOW INDEX FROM `todos`
2023-07-28 10:40:50 info: =================================
2023-07-28 10:40:50 info: ======= ENV: development =======
2023-07-28 10:40:50 info: 🚀 App listening on the port 3000
2023-07-28 10:40:50 info: =================================
2023-07-28 10:40:50 info: 0ms Executed (default): SELECT 1+1 AS result
2023-07-28 10:40:50 info: 1ms Executed (default): SELECT TABLE_NAME FROM INFORMATION_SCHEMA.TABLES WHERE TABLE_TYPE = 'BASE TABLE' AND TABLE_NAME = 'users' AND TABLE_SCHEMA = 'todolist'
2023-07-28 10:40:50 info: 2ms Executed (default): SHOW INDEX FROM `users`
2023-07-28 10:40:50 info: 1ms Executed (default): SELECT TABLE_NAME FROM INFORMATION_SCHEMA.TABLES WHERE TABLE_TYPE = 'BASE TABLE' AND TABLE_NAME = 'todos' AND TABLE_SCHEMA = 'todolist'
2023-07-28 10:40:50 info: 1ms Executed (default): SHOW INDEX FROM `todos`
2023-07-28 11:19:35 info: =================================
2023-07-28 11:19:35 info: ======= ENV: development =======
2023-07-28 11:19:35 info: 🚀 App listening on the port 3000
2023-07-28 11:19:35 info: =================================
2023-07-28 11:19:35 info: 1ms Executed (default): SELECT 1+1 AS result
2023-07-28 11:19:35 info: 1ms Executed (default): SELECT TABLE_NAME FROM INFORMATION_SCHEMA.TABLES WHERE TABLE_TYPE = 'BASE TABLE' AND TABLE_NAME = 'users' AND TABLE_SCHEMA = 'todolist'
2023-07-28 11:19:35 info: 1ms Executed (default): SHOW INDEX FROM `users`
2023-07-28 11:19:35 info: 0ms Executed (default): SELECT TABLE_NAME FROM INFORMATION_SCHEMA.TABLES WHERE TABLE_TYPE = 'BASE TABLE' AND TABLE_NAME = 'todos' AND TABLE_SCHEMA = 'todolist'
2023-07-28 11:19:35 info: 0ms Executed (default): SHOW INDEX FROM `todos`
2023-07-28 11:19:43 info: =================================
2023-07-28 11:19:43 info: ======= ENV: development =======
2023-07-28 11:19:43 info: 🚀 App listening on the port 3000
2023-07-28 11:19:43 info: =================================
2023-07-28 11:19:43 info: 0ms Executed (default): SELECT 1+1 AS result
2023-07-28 11:19:43 info: 0ms Executed (default): SELECT TABLE_NAME FROM INFORMATION_SCHEMA.TABLES WHERE TABLE_TYPE = 'BASE TABLE' AND TABLE_NAME = 'users' AND TABLE_SCHEMA = 'todolist'
2023-07-28 11:19:43 info: 1ms Executed (default): SHOW INDEX FROM `users`
2023-07-28 11:19:43 info: 0ms Executed (default): SELECT TABLE_NAME FROM INFORMATION_SCHEMA.TABLES WHERE TABLE_TYPE = 'BASE TABLE' AND TABLE_NAME = 'todos' AND TABLE_SCHEMA = 'todolist'
2023-07-28 11:19:43 info: 0ms Executed (default): SHOW INDEX FROM `todos`
2023-07-28 11:19:44 info: =================================
2023-07-28 11:19:44 info: ======= ENV: development =======
2023-07-28 11:19:44 info: 🚀 App listening on the port 3000
2023-07-28 11:19:44 info: =================================
2023-07-28 11:19:44 info: 1ms Executed (default): SELECT 1+1 AS result
2023-07-28 11:19:44 info: 0ms Executed (default): SELECT TABLE_NAME FROM INFORMATION_SCHEMA.TABLES WHERE TABLE_TYPE = 'BASE TABLE' AND TABLE_NAME = 'users' AND TABLE_SCHEMA = 'todolist'
2023-07-28 11:19:44 info: 1ms Executed (default): SHOW INDEX FROM `users`
2023-07-28 11:19:44 info: 0ms Executed (default): SELECT TABLE_NAME FROM INFORMATION_SCHEMA.TABLES WHERE TABLE_TYPE = 'BASE TABLE' AND TABLE_NAME = 'todos' AND TABLE_SCHEMA = 'todolist'
2023-07-28 11:19:44 info: 1ms Executed (default): SHOW INDEX FROM `todos`
2023-07-28 11:19:49 info: =================================
2023-07-28 11:19:49 info: ======= ENV: development =======
2023-07-28 11:19:49 info: 🚀 App listening on the port 3000
2023-07-28 11:19:49 info: =================================
2023-07-28 11:19:49 info: 0ms Executed (default): SELECT 1+1 AS result
2023-07-28 11:19:49 info: 1ms Executed (default): SELECT TABLE_NAME FROM INFORMATION_SCHEMA.TABLES WHERE TABLE_TYPE = 'BASE TABLE' AND TABLE_NAME = 'users' AND TABLE_SCHEMA = 'todolist'
2023-07-28 11:19:49 info: 1ms Executed (default): SHOW INDEX FROM `users`
2023-07-28 11:19:49 info: 0ms Executed (default): SELECT TABLE_NAME FROM INFORMATION_SCHEMA.TABLES WHERE TABLE_TYPE = 'BASE TABLE' AND TABLE_NAME = 'todos' AND TABLE_SCHEMA = 'todolist'
2023-07-28 11:19:49 info: 1ms Executed (default): SHOW INDEX FROM `todos`
2023-07-28 11:23:19 info: =================================
2023-07-28 11:23:19 info: ======= ENV: development =======
2023-07-28 11:23:19 info: 🚀 App listening on the port 3000
2023-07-28 11:23:19 info: =================================
2023-07-28 11:23:19 info: 0ms Executed (default): SELECT 1+1 AS result
2023-07-28 11:23:19 info: 0ms Executed (default): SELECT TABLE_NAME FROM INFORMATION_SCHEMA.TABLES WHERE TABLE_TYPE = 'BASE TABLE' AND TABLE_NAME = 'users' AND TABLE_SCHEMA = 'todolist'
2023-07-28 11:23:19 info: 0ms Executed (default): SHOW INDEX FROM `users`
2023-07-28 11:23:19 info: 0ms Executed (default): SELECT TABLE_NAME FROM INFORMATION_SCHEMA.TABLES WHERE TABLE_TYPE = 'BASE TABLE' AND TABLE_NAME = 'todos' AND TABLE_SCHEMA = 'todolist'
2023-07-28 11:23:19 info: 1ms Executed (default): SHOW INDEX FROM `todos`
